<?xml version="1.0" encoding="UTF-8"?>
<!-- Generated by org.testng.reporters.JUnitXMLReporter -->
<testsuite hostname="Lyazzats-MacBook-Pro.local" name="Verizon Functional Regression Test" tests="8" failures="1" timestamp="23 Jul 2020 09:21:16 GMT" time="68.765" errors="0">
  <testcase name="verifyPageTitleTest" time="0.039" classname="com.qa.verizon.test.MainPageTest"/>
  <testcase name="TestClickSmartphones" time="0.898" classname="com.qa.verizon.test.MainPageTest"/>
  <testcase name="verifyPageTitleTest" time="0.05" classname="com.qa.verizon.test.SmartphonePageTest"/>
  <testcase name="SwitchToSmartphonePage" time="2.029" classname="com.qa.verizon.test.SmartphonePageTest"/>
  <testcase name="verifyPageTitleTest" time="0.059" classname="com.qa.verizon.test.SmartPhoneFeaturePageTest"/>
  <testcase name="makeItWork" time="3.554" classname="com.qa.verizon.test.SmartPhoneFeaturePageTest">
    <failure type="org.openqa.selenium.ElementClickInterceptedException" message="element click intercepted: Element &amp;lt;span class=&amp;quot;tntPrice-2&amp;quot;&amp;gt;...&amp;lt;/span&amp;gt; is not clickable at point (289, 403). Other element would receive the click: &amp;lt;button data-testid=&amp;quot;_15gifts-engagement-bubble-button-2&amp;quot; class=&amp;quot;rmq-a1fd528b rmq-82791dad rmq-99f9c4d0 _15gifts-engagement_button_secondary&amp;quot; data-radium=&amp;quot;true&amp;quot; style=&amp;quot;text-align: center; display: inline-block; width: 47%; margin-left: 0px; border-radius: 50px; text-transform: none; font-family: NeueHaasGroteskDisplayBold, &amp;amp;quot;Helvetica Neue&amp;amp;quot;, Helvetica, Arial, sans-serif; font-size: 14px; font-weight: normal; margin-top: 5px; height: auto; line-height: 20px; background-color: rgb(255, 255, 255); border-width: 1px; border-color: rgb(0, 0, 0); color: rgb(0, 0, 0); background-image: none; padding: 10px 37px; min-width: 90px; float: right;&amp;quot;&amp;gt;...&amp;lt;/button&amp;gt;
  (Session info: chrome=84.0.4147.89)
Build info: version: &amp;apos;3.141.59&amp;apos;, revision: &amp;apos;e82be7d358&amp;apos;, time: &amp;apos;2018-11-14T08:17:03&amp;apos;
System info: host: &amp;apos;Lyazzats-MacBook-Pro.local&amp;apos;, ip: &amp;apos;fe80:0:0:0:d0:1a12:66c9:992%en0&amp;apos;, os.name: &amp;apos;Mac OS X&amp;apos;, os.arch: &amp;apos;x86_64&amp;apos;, os.version: &amp;apos;10.15.6&amp;apos;, java.version: &amp;apos;1.8.0_251&amp;apos;
Driver info: org.openqa.selenium.chrome.ChromeDriver
Capabilities {acceptInsecureCerts: false, browserName: chrome, browserVersion: 84.0.4147.89, chrome: {chromedriverVersion: 84.0.4147.30 (48b3e868b4cc0..., userDataDir: /var/folders/_c/_ffs46r5007...}, goog:chromeOptions: {debuggerAddress: localhost:61378}, javascriptEnabled: true, networkConnectionEnabled: false, pageLoadStrategy: normal, platform: MAC, platformName: MAC, proxy: Proxy(), setWindowRect: true, strictFileInteractability: false, timeouts: {implicit: 0, pageLoad: 300000, script: 30000}, unhandledPromptBehavior: dismiss and notify, webauthn:virtualAuthenticators: true}
Session ID: 97ceceb40577fbc9c4d190ffd0de614c">
      <![CDATA[org.openqa.selenium.ElementClickInterceptedException: element click intercepted: Element <span class="tntPrice-2">...</span> is not clickable at point (289, 403). Other element would receive the click: <button data-testid="_15gifts-engagement-bubble-button-2" class="rmq-a1fd528b rmq-82791dad rmq-99f9c4d0 _15gifts-engagement_button_secondary" data-radium="true" style="text-align: center; display: inline-block; width: 47%; margin-left: 0px; border-radius: 50px; text-transform: none; font-family: NeueHaasGroteskDisplayBold, &quot;Helvetica Neue&quot;, Helvetica, Arial, sans-serif; font-size: 14px; font-weight: normal; margin-top: 5px; height: auto; line-height: 20px; background-color: rgb(255, 255, 255); border-width: 1px; border-color: rgb(0, 0, 0); color: rgb(0, 0, 0); background-image: none; padding: 10px 37px; min-width: 90px; float: right;">...</button>
  (Session info: chrome=84.0.4147.89)
Build info: version: '3.141.59', revision: 'e82be7d358', time: '2018-11-14T08:17:03'
System info: host: 'Lyazzats-MacBook-Pro.local', ip: 'fe80:0:0:0:d0:1a12:66c9:992%en0', os.name: 'Mac OS X', os.arch: 'x86_64', os.version: '10.15.6', java.version: '1.8.0_251'
Driver info: org.openqa.selenium.chrome.ChromeDriver
Capabilities {acceptInsecureCerts: false, browserName: chrome, browserVersion: 84.0.4147.89, chrome: {chromedriverVersion: 84.0.4147.30 (48b3e868b4cc0..., userDataDir: /var/folders/_c/_ffs46r5007...}, goog:chromeOptions: {debuggerAddress: localhost:61378}, javascriptEnabled: true, networkConnectionEnabled: false, pageLoadStrategy: normal, platform: MAC, platformName: MAC, proxy: Proxy(), setWindowRect: true, strictFileInteractability: false, timeouts: {implicit: 0, pageLoad: 300000, script: 30000}, unhandledPromptBehavior: dismiss and notify, webauthn:virtualAuthenticators: true}
Session ID: 97ceceb40577fbc9c4d190ffd0de614c
	at org.openqa.selenium.remote.http.W3CHttpResponseCodec.createException(W3CHttpResponseCodec.java:187)
	at org.openqa.selenium.remote.http.W3CHttpResponseCodec.decode(W3CHttpResponseCodec.java:122)
	at org.openqa.selenium.remote.http.W3CHttpResponseCodec.decode(W3CHttpResponseCodec.java:49)
	at org.openqa.selenium.remote.HttpCommandExecutor.execute(HttpCommandExecutor.java:158)
	at org.openqa.selenium.remote.service.DriverCommandExecutor.execute(DriverCommandExecutor.java:83)
	at org.openqa.selenium.remote.RemoteWebDriver.execute(RemoteWebDriver.java:552)
	at org.openqa.selenium.remote.RemoteWebElement.execute(RemoteWebElement.java:285)
	at org.openqa.selenium.remote.RemoteWebElement.click(RemoteWebElement.java:84)
	at com.qa.verizon.page.SmartPhoneFeaturePage.doClick(SmartPhoneFeaturePage.java:36)
	at com.qa.verizon.test.SmartPhoneFeaturePageTest.makeItWork(SmartPhoneFeaturePageTest.java:54)
... Removed 28 stack frames]]>
    </failure>
  </testcase> <!-- makeItWork -->
  <testcase name="verifyPageTitleTest" time="0.058" classname="com.qa.verizon.test.ShoppingCartPageTest"/>
  <testcase name="verifySmartPhone" time="0.059" classname="com.qa.verizon.test.ShoppingCartPageTest"/>
</testsuite> <!-- Verizon Functional Regression Test -->
