<html>
<head>
<title>TestNG:  Verizon Functional Regression Test</title>
<link href="../testng.css" rel="stylesheet" type="text/css" />
<link href="../my-testng.css" rel="stylesheet" type="text/css" />

<style type="text/css">
.log { display: none;} 
.stack-trace { display: none;} 
</style>
<script type="text/javascript">
<!--
function flip(e) {
  current = e.style.display;
  if (current == 'block') {
    e.style.display = 'none';
    return 0;
  }
  else {
    e.style.display = 'block';
    return 1;
  }
}

function toggleBox(szDivId, elem, msg1, msg2)
{
  var res = -1;  if (document.getElementById) {
    res = flip(document.getElementById(szDivId));
  }
  else if (document.all) {
    // this is the way old msie versions work
    res = flip(document.all[szDivId]);
  }
  if(elem) {
    if(res == 0) elem.innerHTML = msg1; else elem.innerHTML = msg2;
  }

}

function toggleAllBoxes() {
  if (document.getElementsByTagName) {
    d = document.getElementsByTagName('div');
    for (i = 0; i < d.length; i++) {
      if (d[i].className == 'log') {
        flip(d[i]);
      }
    }
  }
}

// -->
</script>

</head>
<body>
<h2 align='center'>Verizon Functional Regression Test</h2><table border='1' align="center">
<tr>
<td>Tests passed/Failed/Skipped:</td><td>7/1/0</td>
</tr><tr>
<td>Started on:</td><td>Thu Jul 23 05:20:07 EDT 2020</td>
</tr>
<tr><td>Total time:</td><td>68 seconds (68765 ms)</td>
</tr><tr>
<td>Included groups:</td><td></td>
</tr><tr>
<td>Excluded groups:</td><td></td>
</tr>
</table><p/>
<small><i>(Hover the method name to see the test class name)</i></small><p/>
<table width='100%' border='1' class='invocation-failed'>
<tr><td colspan='4' align='center'><b>FAILED TESTS</b></td></tr>
<tr><td><b>Test method</b></td>
<td width="30%"><b>Exception</b></td>
<td width="10%"><b>Time (seconds)</b></td>
<td><b>Instance</b></td>
</tr>
<tr>
<td title='com.qa.verizon.test.SmartPhoneFeaturePageTest.makeItWork()'><b>makeItWork</b><br>Test class: com.qa.verizon.test.SmartPhoneFeaturePageTest</td>
<td><div><pre>org.openqa.selenium.ElementClickInterceptedException: element click intercepted: Element &lt;span class=&quot;tntPrice-2&quot;&gt;...&lt;/span&gt; is not clickable at point (289, 403). Other element would receive the click: &lt;button data-testid=&quot;_15gifts-engagement-bubble-button-2&quot; class=&quot;rmq-a1fd528b rmq-82791dad rmq-99f9c4d0 _15gifts-engagement_button_secondary&quot; data-radium=&quot;true&quot; style=&quot;text-align: center; display: inline-block; width: 47%; margin-left: 0px; border-radius: 50px; text-transform: none; font-family: NeueHaasGroteskDisplayBold, &amp;quot;Helvetica Neue&amp;quot;, Helvetica, Arial, sans-serif; font-size: 14px; font-weight: normal; margin-top: 5px; height: auto; line-height: 20px; background-color: rgb(255, 255, 255); border-width: 1px; border-color: rgb(0, 0, 0); color: rgb(0, 0, 0); background-image: none; padding: 10px 37px; min-width: 90px; float: right;&quot;&gt;...&lt;/button&gt;
  (Session info: chrome=84.0.4147.89)
Build info: version: &apos;3.141.59&apos;, revision: &apos;e82be7d358&apos;, time: &apos;2018-11-14T08:17:03&apos;
System info: host: &apos;Lyazzats-MacBook-Pro.local&apos;, ip: &apos;fe80:0:0:0:d0:1a12:66c9:992%en0&apos;, os.name: &apos;Mac OS X&apos;, os.arch: &apos;x86_64&apos;, os.version: &apos;10.15.6&apos;, java.version: &apos;1.8.0_251&apos;
Driver info: org.openqa.selenium.chrome.ChromeDriver
Capabilities {acceptInsecureCerts: false, browserName: chrome, browserVersion: 84.0.4147.89, chrome: {chromedriverVersion: 84.0.4147.30 (48b3e868b4cc0..., userDataDir: /var/folders/_c/_ffs46r5007...}, goog:chromeOptions: {debuggerAddress: localhost:61378}, javascriptEnabled: true, networkConnectionEnabled: false, pageLoadStrategy: normal, platform: MAC, platformName: MAC, proxy: Proxy(), setWindowRect: true, strictFileInteractability: false, timeouts: {implicit: 0, pageLoad: 300000, script: 30000}, unhandledPromptBehavior: dismiss and notify, webauthn:virtualAuthenticators: true}
Session ID: 97ceceb40577fbc9c4d190ffd0de614c
	at org.openqa.selenium.remote.http.W3CHttpResponseCodec.createException(W3CHttpResponseCodec.java:187)
	at org.openqa.selenium.remote.http.W3CHttpResponseCodec.decode(W3CHttpResponseCodec.java:122)
	at org.openqa.selenium.remote.http.W3CHttpResponseCodec.decode(W3CHttpResponseCodec.java:49)
	at org.openqa.selenium.remote.HttpCommandExecutor.execute(HttpCommandExecutor.java:158)
	at org.openqa.selenium.remote.service.DriverCommandExecutor.execute(DriverCommandExecutor.java:83)
	at org.openqa.selenium.remote.RemoteWebDriver.execute(RemoteWebDriver.java:552)
	at org.openqa.selenium.remote.RemoteWebElement.execute(RemoteWebElement.java:285)
	at org.openqa.selenium.remote.RemoteWebElement.click(RemoteWebElement.java:84)
	at com.qa.verizon.page.SmartPhoneFeaturePage.doClick(SmartPhoneFeaturePage.java:36)
	at com.qa.verizon.test.SmartPhoneFeaturePageTest.makeItWork(SmartPhoneFeaturePageTest.java:54)
... Removed 28 stack frames</pre></div><a href='#' onClick='toggleBox("stack-trace2139168000", this, "Click to show all stack frames", "Click to hide stack frames")'>Click to show all stack frames</a>
<div class='stack-trace' id='stack-trace2139168000'><pre>org.openqa.selenium.ElementClickInterceptedException: element click intercepted: Element &lt;span class=&quot;tntPrice-2&quot;&gt;...&lt;/span&gt; is not clickable at point (289, 403). Other element would receive the click: &lt;button data-testid=&quot;_15gifts-engagement-bubble-button-2&quot; class=&quot;rmq-a1fd528b rmq-82791dad rmq-99f9c4d0 _15gifts-engagement_button_secondary&quot; data-radium=&quot;true&quot; style=&quot;text-align: center; display: inline-block; width: 47%; margin-left: 0px; border-radius: 50px; text-transform: none; font-family: NeueHaasGroteskDisplayBold, &amp;quot;Helvetica Neue&amp;quot;, Helvetica, Arial, sans-serif; font-size: 14px; font-weight: normal; margin-top: 5px; height: auto; line-height: 20px; background-color: rgb(255, 255, 255); border-width: 1px; border-color: rgb(0, 0, 0); color: rgb(0, 0, 0); background-image: none; padding: 10px 37px; min-width: 90px; float: right;&quot;&gt;...&lt;/button&gt;
  (Session info: chrome=84.0.4147.89)
Build info: version: &apos;3.141.59&apos;, revision: &apos;e82be7d358&apos;, time: &apos;2018-11-14T08:17:03&apos;
System info: host: &apos;Lyazzats-MacBook-Pro.local&apos;, ip: &apos;fe80:0:0:0:d0:1a12:66c9:992%en0&apos;, os.name: &apos;Mac OS X&apos;, os.arch: &apos;x86_64&apos;, os.version: &apos;10.15.6&apos;, java.version: &apos;1.8.0_251&apos;
Driver info: org.openqa.selenium.chrome.ChromeDriver
Capabilities {acceptInsecureCerts: false, browserName: chrome, browserVersion: 84.0.4147.89, chrome: {chromedriverVersion: 84.0.4147.30 (48b3e868b4cc0..., userDataDir: /var/folders/_c/_ffs46r5007...}, goog:chromeOptions: {debuggerAddress: localhost:61378}, javascriptEnabled: true, networkConnectionEnabled: false, pageLoadStrategy: normal, platform: MAC, platformName: MAC, proxy: Proxy(), setWindowRect: true, strictFileInteractability: false, timeouts: {implicit: 0, pageLoad: 300000, script: 30000}, unhandledPromptBehavior: dismiss and notify, webauthn:virtualAuthenticators: true}
Session ID: 97ceceb40577fbc9c4d190ffd0de614c
	at sun.reflect.NativeConstructorAccessorImpl.newInstance0(Native Method)
	at sun.reflect.NativeConstructorAccessorImpl.newInstance(NativeConstructorAccessorImpl.java:62)
	at sun.reflect.DelegatingConstructorAccessorImpl.newInstance(DelegatingConstructorAccessorImpl.java:45)
	at java.lang.reflect.Constructor.newInstance(Constructor.java:423)
	at org.openqa.selenium.remote.http.W3CHttpResponseCodec.createException(W3CHttpResponseCodec.java:187)
	at org.openqa.selenium.remote.http.W3CHttpResponseCodec.decode(W3CHttpResponseCodec.java:122)
	at org.openqa.selenium.remote.http.W3CHttpResponseCodec.decode(W3CHttpResponseCodec.java:49)
	at org.openqa.selenium.remote.HttpCommandExecutor.execute(HttpCommandExecutor.java:158)
	at org.openqa.selenium.remote.service.DriverCommandExecutor.execute(DriverCommandExecutor.java:83)
	at org.openqa.selenium.remote.RemoteWebDriver.execute(RemoteWebDriver.java:552)
	at org.openqa.selenium.remote.RemoteWebElement.execute(RemoteWebElement.java:285)
	at org.openqa.selenium.remote.RemoteWebElement.click(RemoteWebElement.java:84)
	at com.qa.verizon.page.SmartPhoneFeaturePage.doClick(SmartPhoneFeaturePage.java:36)
	at com.qa.verizon.test.SmartPhoneFeaturePageTest.makeItWork(SmartPhoneFeaturePageTest.java:54)
	at sun.reflect.NativeMethodAccessorImpl.invoke0(Native Method)
	at sun.reflect.NativeMethodAccessorImpl.invoke(NativeMethodAccessorImpl.java:62)
	at sun.reflect.DelegatingMethodAccessorImpl.invoke(DelegatingMethodAccessorImpl.java:43)
	at java.lang.reflect.Method.invoke(Method.java:498)
	at org.testng.internal.MethodInvocationHelper.invokeMethod(MethodInvocationHelper.java:86)
	at org.testng.internal.Invoker.invokeMethod(Invoker.java:645)
	at org.testng.internal.Invoker.invokeTestMethod(Invoker.java:822)
	at org.testng.internal.Invoker.invokeTestMethods(Invoker.java:1130)
	at org.testng.internal.TestMethodWorker.invokeTestMethods(TestMethodWorker.java:129)
	at org.testng.internal.TestMethodWorker.run(TestMethodWorker.java:112)
	at org.testng.TestRunner.privateRun(TestRunner.java:782)
	at org.testng.TestRunner.run(TestRunner.java:632)
	at org.testng.SuiteRunner.runTest(SuiteRunner.java:366)
	at org.testng.SuiteRunner.runSequentially(SuiteRunner.java:361)
	at org.testng.SuiteRunner.privateRun(SuiteRunner.java:319)
	at org.testng.SuiteRunner.run(SuiteRunner.java:268)
	at org.testng.SuiteRunnerWorker.runSuite(SuiteRunnerWorker.java:52)
	at org.testng.SuiteRunnerWorker.run(SuiteRunnerWorker.java:86)
	at org.testng.TestNG.runSuitesSequentially(TestNG.java:1244)
	at org.testng.TestNG.runSuitesLocally(TestNG.java:1169)
	at org.testng.TestNG.run(TestNG.java:1064)
	at org.testng.remote.RemoteTestNG.run(RemoteTestNG.java:113)
	at org.testng.remote.RemoteTestNG.initAndRun(RemoteTestNG.java:206)
	at org.testng.remote.RemoteTestNG.main(RemoteTestNG.java:177)
</pre></div></td>
<td>3</td>
<td>com.qa.verizon.test.SmartPhoneFeaturePageTest@2ff4f00f</td></tr>
</table><p>
<table width='100%' border='1' class='invocation-passed'>
<tr><td colspan='4' align='center'><b>PASSED TESTS</b></td></tr>
<tr><td><b>Test method</b></td>
<td width="30%"><b>Exception</b></td>
<td width="10%"><b>Time (seconds)</b></td>
<td><b>Instance</b></td>
</tr>
<tr>
<td title='com.qa.verizon.test.SmartphonePageTest.SwitchToSmartphonePage()'><b>SwitchToSmartphonePage</b><br>Test class: com.qa.verizon.test.SmartphonePageTest</td>
<td></td>
<td>2</td>
<td>com.qa.verizon.test.SmartphonePageTest@5ba23b66</td></tr>
<tr>
<td title='com.qa.verizon.test.MainPageTest.TestClickSmartphones()'><b>TestClickSmartphones</b><br>Test class: com.qa.verizon.test.MainPageTest</td>
<td></td>
<td>0</td>
<td>com.qa.verizon.test.MainPageTest@6debcae2</td></tr>
<tr>
<td title='com.qa.verizon.test.MainPageTest.verifyPageTitleTest()'><b>verifyPageTitleTest</b><br>Test class: com.qa.verizon.test.MainPageTest</td>
<td></td>
<td>0</td>
<td>com.qa.verizon.test.MainPageTest@6debcae2</td></tr>
<tr>
<td title='com.qa.verizon.test.SmartphonePageTest.verifyPageTitleTest()'><b>verifyPageTitleTest</b><br>Test class: com.qa.verizon.test.SmartphonePageTest</td>
<td></td>
<td>0</td>
<td>com.qa.verizon.test.SmartphonePageTest@5ba23b66</td></tr>
<tr>
<td title='com.qa.verizon.test.SmartPhoneFeaturePageTest.verifyPageTitleTest()'><b>verifyPageTitleTest</b><br>Test class: com.qa.verizon.test.SmartPhoneFeaturePageTest</td>
<td></td>
<td>0</td>
<td>com.qa.verizon.test.SmartPhoneFeaturePageTest@2ff4f00f</td></tr>
<tr>
<td title='com.qa.verizon.test.ShoppingCartPageTest.verifyPageTitleTest()'><b>verifyPageTitleTest</b><br>Test class: com.qa.verizon.test.ShoppingCartPageTest</td>
<td></td>
<td>0</td>
<td>com.qa.verizon.test.ShoppingCartPageTest@c818063</td></tr>
<tr>
<td title='com.qa.verizon.test.ShoppingCartPageTest.verifySmartPhone()'><b>verifySmartPhone</b><br>Test class: com.qa.verizon.test.ShoppingCartPageTest</td>
<td></td>
<td>0</td>
<td>com.qa.verizon.test.ShoppingCartPageTest@c818063</td></tr>
</table><p>
</body>
</html>