<?xml version="1.0" encoding="UTF-8"?>
<!-- Generated by org.testng.reporters.JUnitReportReporter -->
<testsuite hostname="Lyazzats-MacBook-Pro.local" name="com.qa.verizon.test.SmartPhoneFeaturePageTest" tests="2" failures="0" timestamp="23 Jul 2020 09:21:16 GMT" time="3.613" errors="1">
  <testcase name="makeItWork" time="3.554" classname="com.qa.verizon.test.SmartPhoneFeaturePageTest">
    <error type="org.openqa.selenium.ElementClickInterceptedException" message="element click intercepted: Element &lt;span class=&quot;tntPrice-2&quot;&gt;...&lt;/span&gt; is not clickable at point (289, 403). Other element would receive the click: &lt;button data-testid=&quot;_15gifts-engagement-bubble-button-2&quot; class=&quot;rmq-a1fd528b rmq-82791dad rmq-99f9c4d0 _15gifts-engagement_button_secondary&quot; data-radium=&quot;true&quot; style=&quot;text-align: center; display: inline-block; width: 47%; margin-left: 0px; border-radius: 50px; text-transform: none; font-family: NeueHaasGroteskDisplayBold, &amp;quot;Helvetica Neue&amp;quot;, Helvetica, Arial, sans-serif; font-size: 14px; font-weight: normal; margin-top: 5px; height: auto; line-height: 20px; background-color: rgb(255, 255, 255); border-width: 1px; border-color: rgb(0, 0, 0); color: rgb(0, 0, 0); background-image: none; padding: 10px 37px; min-width: 90px; float: right;&quot;&gt;...&lt;/button&gt;
  (Session info: chrome=84.0.4147.89)
Build info: version: &#039;3.141.59&#039;, revision: &#039;e82be7d358&#039;, time: &#039;2018-11-14T08:17:03&#039;
System info: host: &#039;Lyazzats-MacBook-Pro.local&#039;, ip: &#039;fe80:0:0:0:d0:1a12:66c9:992%en0&#039;, os.name: &#039;Mac OS X&#039;, os.arch: &#039;x86_64&#039;, os.version: &#039;10.15.6&#039;, java.version: &#039;1.8.0_251&#039;
Driver info: org.openqa.selenium.chrome.ChromeDriver
Capabilities {acceptInsecureCerts: false, browserName: chrome, browserVersion: 84.0.4147.89, chrome: {chromedriverVersion: 84.0.4147.30 (48b3e868b4cc0..., userDataDir: /var/folders/_c/_ffs46r5007...}, goog:chromeOptions: {debuggerAddress: localhost:61378}, javascriptEnabled: true, networkConnectionEnabled: false, pageLoadStrategy: normal, platform: MAC, platformName: MAC, proxy: Proxy(), setWindowRect: true, strictFileInteractability: false, timeouts: {implicit: 0, pageLoad: 300000, script: 30000}, unhandledPromptBehavior: dismiss and notify, webauthn:virtualAuthenticators: true}
Session ID: 97ceceb40577fbc9c4d190ffd0de614c">
      <![CDATA[org.openqa.selenium.ElementClickInterceptedException: element click intercepted: Element <span class="tntPrice-2">...</span> is not clickable at point (289, 403). Other element would receive the click: <button data-testid="_15gifts-engagement-bubble-button-2" class="rmq-a1fd528b rmq-82791dad rmq-99f9c4d0 _15gifts-engagement_button_secondary" data-radium="true" style="text-align: center; display: inline-block; width: 47%; margin-left: 0px; border-radius: 50px; text-transform: none; font-family: NeueHaasGroteskDisplayBold, &quot;Helvetica Neue&quot;, Helvetica, Arial, sans-serif; font-size: 14px; font-weight: normal; margin-top: 5px; height: auto; line-height: 20px; background-color: rgb(255, 255, 255); border-width: 1px; border-color: rgb(0, 0, 0); color: rgb(0, 0, 0); background-image: none; padding: 10px 37px; min-width: 90px; float: right;">...</button>
  (Session info: chrome=84.0.4147.89)
Build info: version: '3.141.59', revision: 'e82be7d358', time: '2018-11-14T08:17:03'
System info: host: 'Lyazzats-MacBook-Pro.local', ip: 'fe80:0:0:0:d0:1a12:66c9:992%en0', os.name: 'Mac OS X', os.arch: 'x86_64', os.version: '10.15.6', java.version: '1.8.0_251'
Driver info: org.openqa.selenium.chrome.ChromeDriver
Capabilities {acceptInsecureCerts: false, browserName: chrome, browserVersion: 84.0.4147.89, chrome: {chromedriverVersion: 84.0.4147.30 (48b3e868b4cc0..., userDataDir: /var/folders/_c/_ffs46r5007...}, goog:chromeOptions: {debuggerAddress: localhost:61378}, javascriptEnabled: true, networkConnectionEnabled: false, pageLoadStrategy: normal, platform: MAC, platformName: MAC, proxy: Proxy(), setWindowRect: true, strictFileInteractability: false, timeouts: {implicit: 0, pageLoad: 300000, script: 30000}, unhandledPromptBehavior: dismiss and notify, webauthn:virtualAuthenticators: true}
Session ID: 97ceceb40577fbc9c4d190ffd0de614c
	at sun.reflect.NativeConstructorAccessorImpl.newInstance0(Native Method)
	at sun.reflect.NativeConstructorAccessorImpl.newInstance(NativeConstructorAccessorImpl.java:62)
	at sun.reflect.DelegatingConstructorAccessorImpl.newInstance(DelegatingConstructorAccessorImpl.java:45)
	at java.lang.reflect.Constructor.newInstance(Constructor.java:423)
	at org.openqa.selenium.remote.http.W3CHttpResponseCodec.createException(W3CHttpResponseCodec.java:187)
	at org.openqa.selenium.remote.http.W3CHttpResponseCodec.decode(W3CHttpResponseCodec.java:122)
	at org.openqa.selenium.remote.http.W3CHttpResponseCodec.decode(W3CHttpResponseCodec.java:49)
	at org.openqa.selenium.remote.HttpCommandExecutor.execute(HttpCommandExecutor.java:158)
	at org.openqa.selenium.remote.service.DriverCommandExecutor.execute(DriverCommandExecutor.java:83)
	at org.openqa.selenium.remote.RemoteWebDriver.execute(RemoteWebDriver.java:552)
	at org.openqa.selenium.remote.RemoteWebElement.execute(RemoteWebElement.java:285)
	at org.openqa.selenium.remote.RemoteWebElement.click(RemoteWebElement.java:84)
	at com.qa.verizon.page.SmartPhoneFeaturePage.doClick(SmartPhoneFeaturePage.java:36)
	at com.qa.verizon.test.SmartPhoneFeaturePageTest.makeItWork(SmartPhoneFeaturePageTest.java:54)
	at sun.reflect.NativeMethodAccessorImpl.invoke0(Native Method)
	at sun.reflect.NativeMethodAccessorImpl.invoke(NativeMethodAccessorImpl.java:62)
	at sun.reflect.DelegatingMethodAccessorImpl.invoke(DelegatingMethodAccessorImpl.java:43)
	at java.lang.reflect.Method.invoke(Method.java:498)
	at org.testng.internal.MethodInvocationHelper.invokeMethod(MethodInvocationHelper.java:86)
	at org.testng.internal.Invoker.invokeMethod(Invoker.java:645)
	at org.testng.internal.Invoker.invokeTestMethod(Invoker.java:822)
	at org.testng.internal.Invoker.invokeTestMethods(Invoker.java:1130)
	at org.testng.internal.TestMethodWorker.invokeTestMethods(TestMethodWorker.java:129)
	at org.testng.internal.TestMethodWorker.run(TestMethodWorker.java:112)
	at org.testng.TestRunner.privateRun(TestRunner.java:782)
	at org.testng.TestRunner.run(TestRunner.java:632)
	at org.testng.SuiteRunner.runTest(SuiteRunner.java:366)
	at org.testng.SuiteRunner.runSequentially(SuiteRunner.java:361)
	at org.testng.SuiteRunner.privateRun(SuiteRunner.java:319)
	at org.testng.SuiteRunner.run(SuiteRunner.java:268)
	at org.testng.SuiteRunnerWorker.runSuite(SuiteRunnerWorker.java:52)
	at org.testng.SuiteRunnerWorker.run(SuiteRunnerWorker.java:86)
	at org.testng.TestNG.runSuitesSequentially(TestNG.java:1244)
	at org.testng.TestNG.runSuitesLocally(TestNG.java:1169)
	at org.testng.TestNG.run(TestNG.java:1064)
	at org.testng.remote.RemoteTestNG.run(RemoteTestNG.java:113)
	at org.testng.remote.RemoteTestNG.initAndRun(RemoteTestNG.java:206)
	at org.testng.remote.RemoteTestNG.main(RemoteTestNG.java:177)
]]>
    </error>
  </testcase> <!-- makeItWork -->
  <testcase name="verifyPageTitleTest" time="0.059" classname="com.qa.verizon.test.SmartPhoneFeaturePageTest"/>
</testsuite> <!-- com.qa.verizon.test.SmartPhoneFeaturePageTest -->
